app/build/intermediates/manifest_merge_blame_file/debug/manifest-merger-blame-debug-report.txt
1<?xml version="1.0" encoding="utf-8"?>
2<manifest xmlns:android="http://schemas.android.com/apk/res/android"
3    package="com.example.country"
4    android:versionCode="1"
5    android:versionName="1.0" >
6
7    <uses-sdk
8        android:minSdkVersion="19"
8-->src/main/AndroidManifest.xml
9        android:targetSdkVersion="30" />
9-->src/main/AndroidManifest.xml
10
11    <uses-permission android:name="android.permission.INTERNET" />
11-->src/main/AndroidManifest.xml:5:5-67
11-->src/main/AndroidManifest.xml:5:22-64
12    <uses-permission android:name="android.permission.ACCESS_NETWORK_STATE" />
12-->src/main/AndroidManifest.xml:6:5-79
12-->src/main/AndroidManifest.xml:6:22-76
13    <uses-permission android:name="android.permission.ACCESS_WIFI_STATE" />
13-->src/main/AndroidManifest.xml:7:5-76
13-->src/main/AndroidManifest.xml:7:22-73
14    <uses-permission android:name="android.permission.CALL_PHONE" />
14-->src/main/AndroidManifest.xml:8:5-69
14-->src/main/AndroidManifest.xml:8:22-66
15
16    <application
16-->src/main/AndroidManifest.xml:10:5-35:19
17        android:allowBackup="true"
17-->src/main/AndroidManifest.xml:11:9-35
18        android:appComponentFactory="androidx.core.app.CoreComponentFactory"
18-->[androidx.core:core:1.3.1] AndroidManifest.xml:24:18-86
19        android:debuggable="true"
20        android:icon="@mipmap/ic_launcher_round"
20-->src/main/AndroidManifest.xml:12:9-49
21        android:label="@string/app_name"
21-->src/main/AndroidManifest.xml:13:9-41
22        android:roundIcon="@mipmap/ic_launcher_round"
22-->src/main/AndroidManifest.xml:14:9-54
23        android:supportsRtl="true"
23-->src/main/AndroidManifest.xml:15:9-35
24        android:testOnly="true"
25        android:theme="@style/AppTheme" >
25-->src/main/AndroidManifest.xml:16:9-40
26        <activity android:name="com.example.country.email" />
26-->src/main/AndroidManifest.xml:18:9-43
26-->src/main/AndroidManifest.xml:18:19-40
27        <activity android:name="com.example.country.phone" />
27-->src/main/AndroidManifest.xml:19:9-43
27-->src/main/AndroidManifest.xml:19:19-40
28        <activity android:name="com.example.country.register_window" />
28-->src/main/AndroidManifest.xml:20:9-53
28-->src/main/AndroidManifest.xml:20:19-50
29        <activity android:name="com.example.country.ActivitiesNav.profile_act" />
29-->src/main/AndroidManifest.xml:21:9-63
29-->src/main/AndroidManifest.xml:21:19-60
30        <activity android:name="com.example.country.ActivitiesNav.election_act" />
30-->src/main/AndroidManifest.xml:22:9-64
30-->src/main/AndroidManifest.xml:22:19-61
31        <activity android:name="com.example.country.mainmenu" >
31-->src/main/AndroidManifest.xml:23:9-27:20
31-->src/main/AndroidManifest.xml:23:19-43
32            <intent-filter>
32-->src/main/AndroidManifest.xml:24:13-26:29
33                <action android:name="android.intent.action.DEFAULT" />
33-->src/main/AndroidManifest.xml:25:17-72
33-->src/main/AndroidManifest.xml:25:25-69
34            </intent-filter>
35        </activity>
36        <activity android:name="com.example.country.MainActivity" >
36-->src/main/AndroidManifest.xml:28:9-34:20
36-->src/main/AndroidManifest.xml:28:19-47
37            <intent-filter>
37-->src/main/AndroidManifest.xml:29:13-33:29
38                <action android:name="android.intent.action.MAIN" />
38-->src/main/AndroidManifest.xml:30:17-69
38-->src/main/AndroidManifest.xml:30:25-66
39
40                <category android:name="android.intent.category.LAUNCHER" />
40-->src/main/AndroidManifest.xml:32:17-77
40-->src/main/AndroidManifest.xml:32:27-74
41            </intent-filter>
42        </activity>
43        <activity
43-->[com.google.firebase:firebase-auth:20.0.0] AndroidManifest.xml:27:9-34:50
44            android:name="com.google.firebase.auth.internal.FederatedSignInActivity"
44-->[com.google.firebase:firebase-auth:20.0.0] AndroidManifest.xml:28:13-85
45            android:excludeFromRecents="true"
45-->[com.google.firebase:firebase-auth:20.0.0] AndroidManifest.xml:29:13-46
46            android:exported="true"
46-->[com.google.firebase:firebase-auth:20.0.0] AndroidManifest.xml:30:13-36
47            android:launchMode="singleTask"
47-->[com.google.firebase:firebase-auth:20.0.0] AndroidManifest.xml:31:13-44
48            android:permission="com.google.firebase.auth.api.gms.permission.LAUNCH_FEDERATED_SIGN_IN"
48-->[com.google.firebase:firebase-auth:20.0.0] AndroidManifest.xml:32:13-102
49            android:theme="@android:style/Theme.Translucent.NoTitleBar" />
49-->[com.google.firebase:firebase-auth:20.0.0] AndroidManifest.xml:33:13-72
50        <activity
50-->[com.google.firebase:firebase-auth:20.0.0] AndroidManifest.xml:35:9-52:20
51            android:name="com.google.firebase.auth.internal.GenericIdpActivity"
51-->[com.google.firebase:firebase-auth:20.0.0] AndroidManifest.xml:36:13-80
52            android:excludeFromRecents="true"
52-->[com.google.firebase:firebase-auth:20.0.0] AndroidManifest.xml:37:13-46
53            android:exported="true"
53-->[com.google.firebase:firebase-auth:20.0.0] AndroidManifest.xml:38:13-36
54            android:launchMode="singleTask"
54-->[com.google.firebase:firebase-auth:20.0.0] AndroidManifest.xml:39:13-44
55            android:theme="@android:style/Theme.Translucent.NoTitleBar" >
55-->[com.google.firebase:firebase-auth:20.0.0] AndroidManifest.xml:40:13-72
56            <intent-filter>
56-->[com.google.firebase:firebase-auth:20.0.0] AndroidManifest.xml:41:13-51:29
57                <action android:name="android.intent.action.VIEW" />
57-->[com.google.firebase:firebase-auth:20.0.0] AndroidManifest.xml:42:17-69
57-->[com.google.firebase:firebase-auth:20.0.0] AndroidManifest.xml:42:25-66
58
59                <category android:name="android.intent.category.DEFAULT" />
59-->[com.google.firebase:firebase-auth:20.0.0] AndroidManifest.xml:44:17-76
59-->[com.google.firebase:firebase-auth:20.0.0] AndroidManifest.xml:44:27-73
60                <category android:name="android.intent.category.BROWSABLE" />
60-->[com.google.firebase:firebase-auth:20.0.0] AndroidManifest.xml:45:17-78
60-->[com.google.firebase:firebase-auth:20.0.0] AndroidManifest.xml:45:27-75
61
62                <data
62-->[com.google.firebase:firebase-auth:20.0.0] AndroidManifest.xml:47:17-50:51
63                    android:host="firebase.auth"
63-->[com.google.firebase:firebase-auth:20.0.0] AndroidManifest.xml:48:21-49
64                    android:path="/"
64-->[com.google.firebase:firebase-auth:20.0.0] AndroidManifest.xml:49:21-37
65                    android:scheme="genericidp" />
65-->[com.google.firebase:firebase-auth:20.0.0] AndroidManifest.xml:50:21-48
66            </intent-filter>
67        </activity>
68        <activity
68-->[com.google.firebase:firebase-auth:20.0.0] AndroidManifest.xml:53:9-70:20
69            android:name="com.google.firebase.auth.internal.RecaptchaActivity"
69-->[com.google.firebase:firebase-auth:20.0.0] AndroidManifest.xml:54:13-79
70            android:excludeFromRecents="true"
70-->[com.google.firebase:firebase-auth:20.0.0] AndroidManifest.xml:55:13-46
71            android:exported="true"
71-->[com.google.firebase:firebase-auth:20.0.0] AndroidManifest.xml:56:13-36
72            android:launchMode="singleTask"
72-->[com.google.firebase:firebase-auth:20.0.0] AndroidManifest.xml:57:13-44
73            android:theme="@android:style/Theme.Translucent.NoTitleBar" >
73-->[com.google.firebase:firebase-auth:20.0.0] AndroidManifest.xml:58:13-72
74            <intent-filter>
74-->[com.google.firebase:firebase-auth:20.0.0] AndroidManifest.xml:59:13-69:29
75                <action android:name="android.intent.action.VIEW" />
75-->[com.google.firebase:firebase-auth:20.0.0] AndroidManifest.xml:42:17-69
75-->[com.google.firebase:firebase-auth:20.0.0] AndroidManifest.xml:42:25-66
76
77                <category android:name="android.intent.category.DEFAULT" />
77-->[com.google.firebase:firebase-auth:20.0.0] AndroidManifest.xml:44:17-76
77-->[com.google.firebase:firebase-auth:20.0.0] AndroidManifest.xml:44:27-73
78                <category android:name="android.intent.category.BROWSABLE" />
78-->[com.google.firebase:firebase-auth:20.0.0] AndroidManifest.xml:45:17-78
78-->[com.google.firebase:firebase-auth:20.0.0] AndroidManifest.xml:45:27-75
79
80                <data
80-->[com.google.firebase:firebase-auth:20.0.0] AndroidManifest.xml:47:17-50:51
81                    android:host="firebase.auth"
81-->[com.google.firebase:firebase-auth:20.0.0] AndroidManifest.xml:48:21-49
82                    android:path="/"
82-->[com.google.firebase:firebase-auth:20.0.0] AndroidManifest.xml:49:21-37
83                    android:scheme="recaptcha" />
83-->[com.google.firebase:firebase-auth:20.0.0] AndroidManifest.xml:50:21-48
84            </intent-filter>
85        </activity>
86
87        <service
87-->[com.google.firebase:firebase-auth:20.0.0] AndroidManifest.xml:72:9-81:19
88            android:name="com.google.firebase.auth.api.fallback.service.FirebaseAuthFallbackService"
88-->[com.google.firebase:firebase-auth:20.0.0] AndroidManifest.xml:73:13-101
89            android:enabled="true"
89-->[com.google.firebase:firebase-auth:20.0.0] AndroidManifest.xml:74:13-35
90            android:exported="false" >
90-->[com.google.firebase:firebase-auth:20.0.0] AndroidManifest.xml:75:13-37
91            <intent-filter>
91-->[com.google.firebase:firebase-auth:20.0.0] AndroidManifest.xml:76:13-80:29
92                <action android:name="com.google.firebase.auth.api.gms.service.START" />
92-->[com.google.firebase:firebase-auth:20.0.0] AndroidManifest.xml:77:17-89
92-->[com.google.firebase:firebase-auth:20.0.0] AndroidManifest.xml:77:25-86
93
94                <category android:name="android.intent.category.DEFAULT" />
94-->[com.google.firebase:firebase-auth:20.0.0] AndroidManifest.xml:44:17-76
94-->[com.google.firebase:firebase-auth:20.0.0] AndroidManifest.xml:44:27-73
95            </intent-filter>
96        </service>
97        <service
97-->[com.google.firebase:firebase-auth:20.0.0] AndroidManifest.xml:82:9-88:19
98            android:name="com.google.firebase.components.ComponentDiscoveryService"
98-->[com.google.firebase:firebase-auth:20.0.0] AndroidManifest.xml:83:13-84
99            android:directBootAware="true"
99-->[com.google.firebase:firebase-common:19.3.1] AndroidManifest.xml:35:13-43
100            android:exported="false" >
100-->[com.google.firebase:firebase-auth:20.0.0] AndroidManifest.xml:84:13-37
101            <meta-data
101-->[com.google.firebase:firebase-auth:20.0.0] AndroidManifest.xml:85:13-87:85
102                android:name="com.google.firebase.components:com.google.firebase.auth.FirebaseAuthRegistrar"
102-->[com.google.firebase:firebase-auth:20.0.0] AndroidManifest.xml:86:17-109
103                android:value="com.google.firebase.components.ComponentRegistrar" />
103-->[com.google.firebase:firebase-auth:20.0.0] AndroidManifest.xml:87:17-82
104            <meta-data
104-->[com.google.firebase:firebase-database:19.5.1] AndroidManifest.xml:32:13-34:85
105                android:name="com.google.firebase.components:com.google.firebase.database.DatabaseRegistrar"
105-->[com.google.firebase:firebase-database:19.5.1] AndroidManifest.xml:33:17-109
106                android:value="com.google.firebase.components.ComponentRegistrar" />
106-->[com.google.firebase:firebase-database:19.5.1] AndroidManifest.xml:34:17-82
107        </service>
108
109        <activity
109-->[com.google.android.gms:play-services-base:17.1.0] AndroidManifest.xml:23:9-26:75
110            android:name="com.google.android.gms.common.api.GoogleApiActivity"
110-->[com.google.android.gms:play-services-base:17.1.0] AndroidManifest.xml:24:13-79
111            android:exported="false"
111-->[com.google.android.gms:play-services-base:17.1.0] AndroidManifest.xml:25:13-37
112            android:theme="@android:style/Theme.Translucent.NoTitleBar" />
112-->[com.google.android.gms:play-services-base:17.1.0] AndroidManifest.xml:26:13-72
113
114        <provider
114-->[com.google.firebase:firebase-common:19.3.1] AndroidManifest.xml:26:9-31:39
115            android:name="com.google.firebase.provider.FirebaseInitProvider"
115-->[com.google.firebase:firebase-common:19.3.1] AndroidManifest.xml:27:13-77
116            android:authorities="com.example.country.firebaseinitprovider"
116-->[com.google.firebase:firebase-common:19.3.1] AndroidManifest.xml:28:13-72
117            android:directBootAware="true"
117-->[com.google.firebase:firebase-common:19.3.1] AndroidManifest.xml:29:13-43
118            android:exported="false"
118-->[com.google.firebase:firebase-common:19.3.1] AndroidManifest.xml:30:13-37
119            android:initOrder="100" />
119-->[com.google.firebase:firebase-common:19.3.1] AndroidManifest.xml:31:13-36
120
121        <meta-data
121-->[com.google.android.gms:play-services-basement:17.1.0] AndroidManifest.xml:23:9-25:69
122            android:name="com.google.android.gms.version"
122-->[com.google.android.gms:play-services-basement:17.1.0] AndroidManifest.xml:24:13-58
123            android:value="@integer/google_play_services_version" />
123-->[com.google.android.gms:play-services-basement:17.1.0] AndroidManifest.xml:25:13-66
124    </application>
125
126</manifest>